ARM GAS  C:\Users\danie\AppData\Local\Temp\cczDjP9G.s 			page 1


   1              		.cpu cortex-m4
   2              		.arch armv7e-m
   3              		.fpu fpv4-sp-d16
   4              		.eabi_attribute 27, 1
   5              		.eabi_attribute 28, 1
   6              		.eabi_attribute 20, 1
   7              		.eabi_attribute 21, 1
   8              		.eabi_attribute 23, 3
   9              		.eabi_attribute 24, 1
  10              		.eabi_attribute 25, 1
  11              		.eabi_attribute 26, 1
  12              		.eabi_attribute 30, 1
  13              		.eabi_attribute 34, 1
  14              		.eabi_attribute 18, 4
  15              		.file	"utils.c"
  16              		.text
  17              	.Ltext0:
  18              		.cfi_sections	.debug_frame
  19              		.section	.text.UartLog,"ax",%progbits
  20              		.align	1
  21              		.global	UartLog
  22              		.syntax unified
  23              		.thumb
  24              		.thumb_func
  26              	UartLog:
  27              	.LVL0:
  28              	.LFB130:
  29              		.file 1 "Core/Src/utils.c"
   1:Core/Src/utils.c **** /*
   2:Core/Src/utils.c ****  * utils.c
   3:Core/Src/utils.c ****  *
   4:Core/Src/utils.c ****  *  Created on: 18 lis 2022
   5:Core/Src/utils.c ****  *      Author: gerwant22
   6:Core/Src/utils.c ****  */
   7:Core/Src/utils.c **** #include "main.h"
   8:Core/Src/utils.c **** #include "string.h"
   9:Core/Src/utils.c **** #include "usart.h"
  10:Core/Src/utils.c **** 
  11:Core/Src/utils.c **** void UartLog(char *Message)
  12:Core/Src/utils.c **** {
  30              		.loc 1 12 1 view -0
  31              		.cfi_startproc
  32              		@ args = 0, pretend = 0, frame = 0
  33              		@ frame_needed = 0, uses_anonymous_args = 0
  34              		.loc 1 12 1 is_stmt 0 view .LVU1
  35 0000 10B5     		push	{r4, lr}
  36              		.cfi_def_cfa_offset 8
  37              		.cfi_offset 4, -8
  38              		.cfi_offset 14, -4
  39 0002 0446     		mov	r4, r0
  13:Core/Src/utils.c ****   HAL_UART_Transmit(&huart2, (uint8_t *)Message, strlen(Message), 10);
  40              		.loc 1 13 3 is_stmt 1 view .LVU2
  41              		.loc 1 13 50 is_stmt 0 view .LVU3
  42 0004 FFF7FEFF 		bl	strlen
  43              	.LVL1:
  44              		.loc 1 13 3 view .LVU4
  45 0008 0A23     		movs	r3, #10
ARM GAS  C:\Users\danie\AppData\Local\Temp\cczDjP9G.s 			page 2


  46 000a 82B2     		uxth	r2, r0
  47 000c 2146     		mov	r1, r4
  48 000e 0248     		ldr	r0, .L3
  49 0010 FFF7FEFF 		bl	HAL_UART_Transmit
  50              	.LVL2:
  14:Core/Src/utils.c **** }...
  51              		.loc 1 14 1 view .LVU5
  52 0014 10BD     		pop	{r4, pc}
  53              	.LVL3:
  54              	.L4:
  55              		.loc 1 14 1 view .LVU6
  56 0016 00BF     		.align	2
  57              	.L3:
  58 0018 00000000 		.word	huart2
  59              		.cfi_endproc
  60              	.LFE130:
  62              		.text
  63              	.Letext0:
  64              		.file 2 "c:\\users\\danie\\appdata\\roaming\\code\\user\\globalstorage\\bmd.stm32-for-vscode\\@xpa
  65              		.file 3 "c:\\users\\danie\\appdata\\roaming\\code\\user\\globalstorage\\bmd.stm32-for-vscode\\@xpa
  66              		.file 4 "Drivers/CMSIS/Device/ST/STM32F4xx/Include/stm32f411xe.h"
  67              		.file 5 "c:\\users\\danie\\appdata\\roaming\\code\\user\\globalstorage\\bmd.stm32-for-vscode\\@xpa
  68              		.file 6 "Drivers/STM32F4xx_HAL_Driver/Inc/stm32f4xx_hal_def.h"
  69              		.file 7 "Drivers/STM32F4xx_HAL_Driver/Inc/stm32f4xx_hal_dma.h"
  70              		.file 8 "Drivers/STM32F4xx_HAL_Driver/Inc/stm32f4xx_hal_uart.h"
  71              		.file 9 "c:\\users\\danie\\appdata\\roaming\\code\\user\\globalstorage\\bmd.stm32-for-vscode\\@xpa
  72              		.file 10 "Core/Inc/usart.h"
ARM GAS  C:\Users\danie\AppData\Local\Temp\cczDjP9G.s 			page 3


DEFINED SYMBOLS
                            *ABS*:0000000000000000 utils.c
C:\Users\danie\AppData\Local\Temp\cczDjP9G.s:20     .text.UartLog:0000000000000000 $t
C:\Users\danie\AppData\Local\Temp\cczDjP9G.s:26     .text.UartLog:0000000000000000 UartLog
C:\Users\danie\AppData\Local\Temp\cczDjP9G.s:58     .text.UartLog:0000000000000018 $d

UNDEFINED SYMBOLS
strlen
HAL_UART_Transmit
huart2
